readlink: missing operand
Try 'readlink --help' for more information.
rm: cannot remove ‘output’: No such file or directory
rm: cannot remove ‘bunch_output’: No such file or directory
rm: cannot remove ‘lost’: No such file or directory
rm: cannot remove ‘input’: No such file or directory
rm: cannot remove ‘PS.seq’: No such file or directory
rm: cannot remove ‘ptc_twiss’: No such file or directory
rm: cannot remove ‘*.tfs’: No such file or directory
rm: cannot remove ‘PTC-PyORBIT_flat_file.flt’: No such file or directory
rm: cannot remove ‘tunespread.dat’: No such file or directory
rm: cannot remove ‘madx.ps’: No such file or directory
rm: cannot remove ‘PTC/*~’: No such file or directory
rm: cannot remove ‘Input/*~’: No such file or directory
rm: cannot remove ‘lib/*~’: No such file or directory
rm: cannot remove ‘lib/spacecharge_tunespread/*.pyc’: No such file or directory
rm: cannot remove ‘lib/*.pyc’: No such file or directory
rm: cannot remove ‘*.pyc’: No such file or directory
rm: cannot remove ‘junk.txt’: No such file or directory
rm: cannot remove ‘Maxwellian_bend_for_ptc.txt’: No such file or directory
rm: cannot remove ‘Negative_node.OUT’: No such file or directory
rm: cannot remove ‘internal_mag_pot.txt’: No such file or directory
rm: cannot remove ‘fort.18’: No such file or directory
rm: cannot remove ‘PTC/*~’: No such file or directory
rm: cannot remove ‘Input/*~’: No such file or directory
rm: cannot remove ‘lib/*~’: No such file or directory
rm: cannot remove ‘lib/spacecharge_tunespread/*.pyc’: No such file or directory
rm: cannot remove ‘lib/*.pyc’: No such file or directory
rm: cannot remove ‘*.pyc’: No such file or directory
rm: cannot remove ‘junk.txt’: No such file or directory
rm: cannot remove ‘Maxwellian_bend_for_ptc.txt’: No such file or directory
rm: cannot remove ‘Negative_node.OUT’: No such file or directory
rm: cannot remove ‘internal_mag_pot.txt’: No such file or directory
rm: cannot remove ‘fort.18’: No such file or directory
rm: cannot remove ‘Condor_Logfiles’: No such file or directory
srun: error: timeout waiting for task launch, started 20 of 40 tasks
srun: Job step 466957.0 aborted before step completely launched.
srun: Job step aborted: Waiting up to 32 seconds for job step to finish.
slurmstepd: error: *** STEP 466957.0 ON hpc-be125 CANCELLED AT 2020-09-24T14:11:28 ***
srun: error: hpc-be125: tasks 0-19: Killed
srun: Terminating job step 466957.0
srun: error: Timed out waiting for job step to complete
srun: Force Terminated job step 466957.0
